C51 COMPILER V9.56.0.0   DELAY                                                             12/27/2021 17:20:29 PAGE 1   


C51 COMPILER V9.56.0.0, COMPILATION OF MODULE DELAY
OBJECT MODULE PLACED IN .\output\delay.obj
COMPILER INVOKED BY: E:\Keil_v5_BYD\C51\BIN\C51.EXE source\delay.c COMPACT OMF2 OPTIMIZE(8,SPEED) BROWSE DEBUG PRINT(.\l
                    -st\delay.lst) TABS(2) OBJECT(.\output\delay.obj)

line level    source

   1          #ifndef _Delay_C_
   2          #define _Delay_C_
   3          /*********************************************************************************************************
             -************/
   4          void Delay_50us(unsigned int n)    
   5          {
   6   1        unsigned char i;  
   7   1        while(n--)
   8   1        {
   9   2          for(i=0;i<71;i++);
  10   2        }
  11   1      }
  12          void Delay_ms(unsigned int delay_nms)
  13          {
  14   1        while(delay_nms--)
  15   1        {
  16   2          Delay_50us(20);
  17   2        }
  18   1      }
  19          /*********************************************************************************************************
             -************/
  20          #endif


MODULE INFORMATION:   STATIC OVERLAYABLE
   CODE SIZE        =     57    ----
   CONSTANT SIZE    =   ----    ----
   XDATA SIZE       =   ----    ----
   PDATA SIZE       =   ----       2
   DATA SIZE        =   ----    ----
   IDATA SIZE       =   ----    ----
   BIT SIZE         =   ----    ----
   EDATA SIZE       =   ----    ----
   HDATA SIZE       =   ----    ----
   XDATA CONST SIZE =   ----    ----
   FAR CONST SIZE   =   ----    ----
END OF MODULE INFORMATION.


C51 COMPILATION COMPLETE.  0 WARNING(S),  0 ERROR(S)
