C51 COMPILER V9.56.0.0   KEY                                                               12/27/2021 17:20:30 PAGE 1   


C51 COMPILER V9.56.0.0, COMPILATION OF MODULE KEY
OBJECT MODULE PLACED IN .\output\key.obj
COMPILER INVOKED BY: E:\Keil_v5_BYD\C51\BIN\C51.EXE user\key.c COMPACT OMF2 OPTIMIZE(8,SPEED) BROWSE DEBUG PRINT(.\lst\k
                    -ey.lst) TABS(2) OBJECT(.\output\key.obj)

line level    source

   1          #include "key.h"
   2          
   3          #if KEY_433M_EN
              uchar keyCodeBitNum_433M;
              ulong keyCode_433M;
              ulong keyAdr_433M;
              #endif
   8          
   9          #if KEYLJ_EN
              uint timeKeyLJ_ms;
              #endif
  12          
  13          ulong keySta,keyStaBackup;
  14          ulong keyCode;
  15          uint keyDownTime_ms;
  16          uchar F_keyDone;    //°´¼üÁ¬»÷ÓÃ
  17          
  18          uchar keyStaBuff[KEY_NUM] = { 0x00 };
  19          
  20          void keyScan()    //1ms
  21          {
  22   1        uchar i = 0;
  23   1        
  24   1        if(IO_KEY_PWR)
  25   1          keyStaBuff[0] = keyStaBuff[0]<<1|0;
  26   1        else
  27   1          keyStaBuff[0] = keyStaBuff[0]<<1|1;
  28   1        
  29   1        for(i=0;i<KEY_NUM;i++)
  30   1        {
  31   2          if((keyStaBuff[i]&KEY_MASK) == 0x00)
  32   2            keySta &= ~BIT(i);
  33   2          else if((keyStaBuff[i]&KEY_MASK) == KEY_MASK)
  34   2            keySta |=  BIT(i);
  35   2        }
  36   1        /* //
  37   1        if(keySta)
  38   1        {
  39   1          if(keySta == keyStaBackup)
  40   1            keyDownTime_ms++;
  41   1          else
  42   1            keyDownTime_ms = 0;
  43   1        }
  44   1        else if(keyDownTime_ms)
  45   1        {
  46   1          keyDownTime_ms = 0;
  47   1          if(light.rgb < 765)
  48   1            light.rgb += 30;
  49   1          else
  50   1          {
  51   1            light.rgb = 0;
  52   1            if(++light.mode >= MODE_END)
  53   1              light.mode = MODE_BEGIN+1;
  54   1          }
C51 COMPILER V9.56.0.0   KEY                                                               12/27/2021 17:20:30 PAGE 2   

  55   1        }
  56   1      //  */
  57   1        keyStaBackup = keySta;
  58   1      }
  59          
  60          void keyAction()
  61          {
  62   1        if(!F_keyDone)
  63   1        {
  64   2          if(keyDownTime_ms >= T_POWER_ON_ms)
  65   2          {
  66   3            if(light.sta == STA_POWEROFF)
  67   3              light.sta = STA_POWERON;
  68   3            else if(light.sta == STA_POWERON)
  69   3              light.sta = STA_POWEROFF;
  70   3            
  71   3            F_keyDone = 1;
  72   3          }
  73   2          
  74   2          if((light.sta == STA_POWEROFF) && (keyCode != IRKEY_on))
  75   2            return;
  76   2          
  77   2          switch(keyCode)
  78   2          {
  79   3          case IRKEY_light_add:
  80   3            if(light.brightness <= LED_BRIGHTNESS_MAX-10)
  81   3              light.brightness += 10;
  82   3            else
  83   3              light.brightness = LED_BRIGHTNESS_MAX;
  84   3            F_keyDone = 1;
  85   3            break;
  86   3          case IRKEY_light_dec:
  87   3            if(light.brightness >= 20)
  88   3              light.brightness -= 10;
  89   3            else
  90   3              light.brightness = 10;
  91   3            F_keyDone = 1;
  92   3            break;
  93   3          case IRKEY_off:
  94   3            light.sta = STA_POWEROFF;
  95   3            F_keyDone = 1;
  96   3            break;
  97   3          case IRKEY_on:
  98   3            if(light.sta != STA_POWERON)
  99   3              light.sta = STA_POWERON;
 100   3            else
 101   3              light.mic = !light.mic;
 102   3            F_keyDone = 1;
 103   3            break;
 104   3          case IRKEY_r:
 105   3            light.rgb = 0;
 106   3            if(light.mode == MODE_qiCaiLiuShui)
 107   3              light.mode = MODE_danSeChangLiang;
 108   3            F_keyDone = 1;
 109   3            break;
 110   3          case IRKEY_g:
 111   3            light.rgb = 255;
 112   3            if(light.mode == MODE_qiCaiLiuShui)
 113   3              light.mode = MODE_danSeChangLiang;
 114   3            F_keyDone = 1;
 115   3            break;
 116   3          case IRKEY_b:
C51 COMPILER V9.56.0.0   KEY                                                               12/27/2021 17:20:30 PAGE 3   

 117   3            light.rgb = 510;
 118   3            if(light.mode == MODE_qiCaiLiuShui)
 119   3              light.mode = MODE_danSeChangLiang;
 120   3            F_keyDone = 1;
 121   3            break;
 122   3          case IRKEY_w:
 123   3            light.rgb = 765;
 124   3            if(light.mode == MODE_qiCaiLiuShui)
 125   3              light.mode = MODE_danSeChangLiang;
 126   3            F_keyDone = 1;
 127   3            break;
 128   3          case IRKEY_r_1:
 129   3            light.rgb = 30;
 130   3            if(light.mode == MODE_qiCaiLiuShui)
 131   3              light.mode = MODE_danSeChangLiang;
 132   3            F_keyDone = 1;
 133   3            break;
 134   3          case IRKEY_g_1:
 135   3            light.rgb = 285;
 136   3            if(light.mode == MODE_qiCaiLiuShui)
 137   3              light.mode = MODE_danSeChangLiang;
 138   3            F_keyDone = 1;
 139   3            break;
 140   3          case IRKEY_b_1:
 141   3            light.rgb = 540;
 142   3            if(light.mode == MODE_qiCaiLiuShui)
 143   3              light.mode = MODE_danSeChangLiang;
 144   3            F_keyDone = 1;
 145   3            break;
 146   3          case IRKEY_flash:
 147   3            if(light.mode != MODE_shanSHuo)
 148   3            {
 149   4              light.mode = MODE_shanSHuo;
 150   4            }
 151   3            else if(++light.gap > 1)
 152   3            {
 153   4              light.gap = 0;
 154   4            }
 155   3            F_keyDone = 1;
 156   3            break;
 157   3          case IRKEY_r_2:
 158   3            light.rgb = 60;
 159   3            if(light.mode == MODE_qiCaiLiuShui)
 160   3              light.mode = MODE_danSeChangLiang;
 161   3            F_keyDone = 1;
 162   3            break;
 163   3          case IRKEY_g_2:
 164   3            light.rgb = 315;
 165   3            if(light.mode == MODE_qiCaiLiuShui)
 166   3              light.mode = MODE_danSeChangLiang;
 167   3            F_keyDone = 1;
 168   3            break;
 169   3          case IRKEY_b_2:
 170   3            light.rgb = 570;
 171   3            if(light.mode == MODE_qiCaiLiuShui)
 172   3              light.mode = MODE_danSeChangLiang;
 173   3            F_keyDone = 1;
 174   3            break;
 175   3          case IRKEY_strobe:
 176   3            if(light.mode != MODE_huXi)
 177   3            {
 178   4              light.mode = MODE_huXi;
C51 COMPILER V9.56.0.0   KEY                                                               12/27/2021 17:20:30 PAGE 4   

 179   4            }
 180   3            else if(++light.gap > 1)
 181   3            {
 182   4              light.gap = 0;
 183   4            }
 184   3            F_keyDone = 1;
 185   3            break;
 186   3          case IRKEY_r_3:
 187   3            light.rgb = 90;
 188   3            if(light.mode == MODE_qiCaiLiuShui)
 189   3              light.mode = MODE_danSeChangLiang;
 190   3            F_keyDone = 1;
 191   3            break;
 192   3          case IRKEY_g_3:
 193   3            light.rgb = 345;
 194   3            if(light.mode == MODE_qiCaiLiuShui)
 195   3              light.mode = MODE_danSeChangLiang;
 196   3            F_keyDone = 1;
 197   3            break;
 198   3          case IRKEY_b_3:
 199   3            light.rgb = 600;
 200   3            if(light.mode == MODE_qiCaiLiuShui)
 201   3              light.mode = MODE_danSeChangLiang;
 202   3            F_keyDone = 1;
 203   3            break;
 204   3          case IRKEY_fade:
 205   3            if(light.mode != MODE_sanSePaoMa)
 206   3            {
 207   4              light.mode = MODE_sanSePaoMa;
 208   4            }
 209   3            else if(++light.dir > 3)
 210   3            {
 211   4              light.dir = 0;
 212   4            }
 213   3            F_keyDone = 1;
 214   3            break;
 215   3          case IRKEY_r_4:
 216   3            light.rgb = 127;
 217   3            if(light.mode == MODE_qiCaiLiuShui)
 218   3              light.mode = MODE_danSeChangLiang;
 219   3            F_keyDone = 1;
 220   3            break;
 221   3          case IRKEY_g_4:
 222   3            light.rgb = 382;
 223   3            if(light.mode == MODE_qiCaiLiuShui)
 224   3              light.mode = MODE_danSeChangLiang;
 225   3            F_keyDone = 1;
 226   3            break;
 227   3          case IRKEY_b_4:
 228   3            light.rgb = 637;
 229   3            if(light.mode == MODE_qiCaiLiuShui)
 230   3              light.mode = MODE_danSeChangLiang;
 231   3            F_keyDone = 1;
 232   3            break;
 233   3          case IRKEY_smooth:
 234   3            if(light.mic)
 235   3            {
 236   4              if(light.mode != MODE_qiCaiLiuShui)
 237   4              {
 238   5                light.mode = MODE_qiCaiLiuShui;
 239   5              }
 240   4              else if(++light.dir > 3)
C51 COMPILER V9.56.0.0   KEY                                                               12/27/2021 17:20:30 PAGE 5   

 241   4              {
 242   5                light.dir = 0;
 243   5              }
 244   4            }
 245   3            else
 246   3            {
 247   4              if(light.mode != MODE_qiCaiLiuShui)
 248   4              {
 249   5                light.mode = MODE_qiCaiLiuShui;
 250   5              }
 251   4              else if(++light.dir > 1)
 252   4              {
 253   5                light.dir = 0;
 254   5                light.mode = MODE_danSeJianBian;
 255   5              }
 256   4            }
 257   3            F_keyDone = 1;
 258   3            break;
 259   3          default:
 260   3            break;
 261   3          }
 262   2        }
 263   1      #if KEYLJ_EN
                else if(F_keyDone && !timeKeyLJ_ms)
                {
                  switch(keyCode)
                  {
                  case KEY_POW:
                  case KEY_RESET:
                  case KEY_TIMER_30S:
                    break;
                  case KEY_BRIGHTNESS_ADD:
                    if(light.brightness < LIGHT_BRIGHTNESS_MAX)
                    {
                      light.brightness++;
                      F_eepWrite = 1;
                    }
                    timeKeyLJ_ms = SET_KEY_LJYS_MS/3;
                    break;
                  case KEY_BRIGHTNESS_DEC:
                    if(light.brightness > LIGHT_BRIGHTNESS_MIN)
                    {
                      light.brightness--;
                      F_eepWrite = 1;
                    }
                    timeKeyLJ_ms = SET_KEY_LJYS_MS/3;
                    break;
                  case KEY_LIGHT_WARM:
                    if((light.mode == MODE_WHITE)||(light.mode == MODE_YELLOW)||(light.mode == MODE_NINGHT_LIGHT))
                    {
                      if(light.colourFix < LIGHT_BRIGHTNESS_MAX)
                      {
                        light.colourFix++;
                        F_eepWrite = 1;
                      }
                    }
                    timeKeyLJ_ms = SET_KEY_LJYS_MS/3;
                    break;
                  case KEY_LIGHT_COLD:
                    if((light.mode == MODE_WHITE)||(light.mode == MODE_YELLOW)||(light.mode == MODE_NINGHT_LIGHT))
                    {
                      if(light.colourFix)
C51 COMPILER V9.56.0.0   KEY                                                               12/27/2021 17:20:30 PAGE 6   

                      {
                        light.colourFix--;
                        F_eepWrite = 1;
                      }
                    }
                    timeKeyLJ_ms = SET_KEY_LJYS_MS/3;
                    break;
                  case KEY_NIGHT_LIGHT:
                  case KEY_LIGHT_R:
                  case KEY_LIGHT_G:
                  case KEY_LIGHT_B:
                    break;
                  case KEY_TIMER_DEC:
                    if(light.mode == MODE_RGB_CHANGE)
                    {
                      if(light.RGBSwitchTime_150ms > LIGHT_RGB_SWITCH_TIME_MIN_150MS)
                      {
                        light.RGBSwitchTime_150ms--;
                        F_eepWrite = 1;
                      }
                    }
                    timeKeyLJ_ms = SET_KEY_LJYS_MS;
                    break;
                  case KEY_TIMER_ADD:
                    if(light.mode == MODE_RGB_CHANGE)
                    {
                      if(light.RGBSwitchTime_150ms < LIGHT_RGB_SWITCH_TIME_MAX_150MS)
                      {
                        light.RGBSwitchTime_150ms++;
                        F_eepWrite = 1;
                      }
                    }
                    timeKeyLJ_ms = SET_KEY_LJYS_MS;
                    break;
                  case KEY_LINGHT_RGB:
                    break;
                  default:
                    break;
                  }
                  F_keyDone = 1;
                  
                }
              #endif
 346   1      }
 347          
 348          u16 userIrCodeChange(u16 irCode)
 349          {
 350   1        u16 temp = 0, i = 0;
 351   1      
 352   1        for(i=0;i<16;i++)
 353   1        {
 354   2          if(irCode & BIT(i))
 355   2            temp |= BIT(15-i);
 356   2        }
 357   1        return temp;
 358   1      }


MODULE INFORMATION:   STATIC OVERLAYABLE
   CODE SIZE        =   1107    ----
   CONSTANT SIZE    =   ----    ----
   XDATA SIZE       =   ----    ----
C51 COMPILER V9.56.0.0   KEY                                                               12/27/2021 17:20:30 PAGE 7   

   PDATA SIZE       =     16       3
   DATA SIZE        =   ----    ----
   IDATA SIZE       =   ----    ----
   BIT SIZE         =   ----    ----
   EDATA SIZE       =   ----    ----
   HDATA SIZE       =   ----    ----
   XDATA CONST SIZE =   ----    ----
   FAR CONST SIZE   =   ----    ----
END OF MODULE INFORMATION.


C51 COMPILATION COMPLETE.  0 WARNING(S),  0 ERROR(S)
