C51 COMPILER V9.56.0.0   PWM                                                               12/27/2021 17:20:29 PAGE 1   


C51 COMPILER V9.56.0.0, COMPILATION OF MODULE PWM
OBJECT MODULE PLACED IN .\output\pwm.obj
COMPILER INVOKED BY: E:\Keil_v5_BYD\C51\BIN\C51.EXE user\pwm.c COMPACT OMF2 OPTIMIZE(8,SPEED) BROWSE DEBUG PRINT(.\lst\p
                    -wm.lst) TABS(2) OBJECT(.\output\pwm.obj)

line level    source

   1          /*******************************************************************************/
   2          #include "pwm.h"
   3          /*******************************************************************************
   4          ********************************************************************************/
   5          void pwm2_init()
   6          { 
   7   1        P34F = 5;
   8   1        CKCON |= IHCKE; //打开 IRCH 时钟
   9   1        PWM2DIVH = 0;   //设置位周期时间
  10   1        PWM2DIVL = T_LED_DAT;
  11   1        PWM2DUTH = 0;   //设置位码 0 时间
  12   1        PWM2DUTL = T_LED_DAT0_H;
  13   1        LEDUTH = 0;   //设置位码 1 时间
  14   1        LEDUTL = T_LED_DAT1_H;
  15   1        PWM2CON = PWMIE(0) | PWMTOG(0) | PWMMOD(3) | PWMPOL(0) | PWMCKS_IH; //设置IRCH为PWM时钟
  16   1        //源，发送 3 个字节后插入暂停时间
  17   1        PWM2CKD = 0; //设置预分频系数，设置为 0 表示不分频
  18   1        LEDWTMH = 0; //设置暂停时间
  19   1        LEDWTML = 0;//50;
  20   1        PWMEN |= (1<<2); //PWM2 使能
  21   1      }


MODULE INFORMATION:   STATIC OVERLAYABLE
   CODE SIZE        =     48    ----
   CONSTANT SIZE    =   ----    ----
   XDATA SIZE       =   ----    ----
   PDATA SIZE       =   ----    ----
   DATA SIZE        =   ----    ----
   IDATA SIZE       =   ----    ----
   BIT SIZE         =   ----    ----
   EDATA SIZE       =   ----    ----
   HDATA SIZE       =   ----    ----
   XDATA CONST SIZE =   ----    ----
   FAR CONST SIZE   =   ----    ----
END OF MODULE INFORMATION.


C51 COMPILATION COMPLETE.  0 WARNING(S),  0 ERROR(S)
